<?xml version="1.0" encoding="UTF-8"?>
<testng-results skipped="0" failed="0" total="9" passed="9">
  <reporter-output>
  </reporter-output>
  <suite name="Default suite" duration-ms="16760" started-at="2018-08-16T07:26:43Z" finished-at="2018-08-16T07:26:59Z">
    <groups>
    </groups>
    <test name="Default test" duration-ms="16760" started-at="2018-08-16T07:26:43Z" finished-at="2018-08-16T07:26:59Z">
      <class name="TestCases.apiTest">
        <test-method status="PASS" signature="verifyResponseObjects(java.lang.String, java.lang.String)[pri:0, instance:TestCases.apiTest@53b32d7]" name="verifyResponseObjects" duration-ms="3551" started-at="2018-08-16T12:56:43Z" data-provider="Api Object verification" finished-at="2018-08-16T12:56:46Z">
          <params>
            <param index="0">
              <value>
                <![CDATA[firstObj]]>
              </value>
            </param>
            <param index="1">
              <value>
                <![CDATA[latitude]]>
              </value>
            </param>
          </params>
          <reporter-output>
          </reporter-output>
        </test-method> <!-- verifyResponseObjects -->
        <test-method status="PASS" signature="verifyResponseObjects(java.lang.String, java.lang.String)[pri:0, instance:TestCases.apiTest@53b32d7]" name="verifyResponseObjects" duration-ms="1396" started-at="2018-08-16T12:56:46Z" data-provider="Api Object verification" finished-at="2018-08-16T12:56:47Z">
          <params>
            <param index="0">
              <value>
                <![CDATA[SecondObj]]>
              </value>
            </param>
            <param index="1">
              <value>
                <![CDATA[longitude]]>
              </value>
            </param>
          </params>
          <reporter-output>
          </reporter-output>
        </test-method> <!-- verifyResponseObjects -->
        <test-method status="PASS" signature="verifyResponseObjects(java.lang.String, java.lang.String)[pri:0, instance:TestCases.apiTest@53b32d7]" name="verifyResponseObjects" duration-ms="2040" started-at="2018-08-16T12:56:48Z" data-provider="Api Object verification" finished-at="2018-08-16T12:56:50Z">
          <params>
            <param index="0">
              <value>
                <![CDATA[ThirdObj]]>
              </value>
            </param>
            <param index="1">
              <value>
                <![CDATA[timezone]]>
              </value>
            </param>
          </params>
          <reporter-output>
          </reporter-output>
        </test-method> <!-- verifyResponseObjects -->
        <test-method status="PASS" signature="verifyResponseObjects(java.lang.String, java.lang.String)[pri:0, instance:TestCases.apiTest@53b32d7]" name="verifyResponseObjects" duration-ms="2285" started-at="2018-08-16T12:56:50Z" data-provider="Api Object verification" finished-at="2018-08-16T12:56:52Z">
          <params>
            <param index="0">
              <value>
                <![CDATA[FourthObj]]>
              </value>
            </param>
            <param index="1">
              <value>
                <![CDATA[currently]]>
              </value>
            </param>
          </params>
          <reporter-output>
          </reporter-output>
        </test-method> <!-- verifyResponseObjects -->
        <test-method status="PASS" signature="verifyResponseObjects(java.lang.String, java.lang.String)[pri:0, instance:TestCases.apiTest@53b32d7]" name="verifyResponseObjects" duration-ms="1402" started-at="2018-08-16T12:56:52Z" data-provider="Api Object verification" finished-at="2018-08-16T12:56:53Z">
          <params>
            <param index="0">
              <value>
                <![CDATA[fifthObj]]>
              </value>
            </param>
            <param index="1">
              <value>
                <![CDATA[minutely]]>
              </value>
            </param>
          </params>
          <reporter-output>
          </reporter-output>
        </test-method> <!-- verifyResponseObjects -->
        <test-method status="PASS" signature="verifyResponseObjects(java.lang.String, java.lang.String)[pri:0, instance:TestCases.apiTest@53b32d7]" name="verifyResponseObjects" duration-ms="1975" started-at="2018-08-16T12:56:53Z" data-provider="Api Object verification" finished-at="2018-08-16T12:56:55Z">
          <params>
            <param index="0">
              <value>
                <![CDATA[sixthObj]]>
              </value>
            </param>
            <param index="1">
              <value>
                <![CDATA[hourly]]>
              </value>
            </param>
          </params>
          <reporter-output>
          </reporter-output>
        </test-method> <!-- verifyResponseObjects -->
        <test-method status="PASS" signature="verifyResponseObjects(java.lang.String, java.lang.String)[pri:0, instance:TestCases.apiTest@53b32d7]" name="verifyResponseObjects" duration-ms="1345" started-at="2018-08-16T12:56:55Z" data-provider="Api Object verification" finished-at="2018-08-16T12:56:57Z">
          <params>
            <param index="0">
              <value>
                <![CDATA[seventhObj]]>
              </value>
            </param>
            <param index="1">
              <value>
                <![CDATA[daily]]>
              </value>
            </param>
          </params>
          <reporter-output>
          </reporter-output>
        </test-method> <!-- verifyResponseObjects -->
        <test-method status="PASS" signature="verifyResponseObjects(java.lang.String, java.lang.String)[pri:0, instance:TestCases.apiTest@53b32d7]" name="verifyResponseObjects" duration-ms="1248" started-at="2018-08-16T12:56:57Z" data-provider="Api Object verification" finished-at="2018-08-16T12:56:58Z">
          <params>
            <param index="0">
              <value>
                <![CDATA[eightObj]]>
              </value>
            </param>
            <param index="1">
              <value>
                <![CDATA[flags]]>
              </value>
            </param>
          </params>
          <reporter-output>
          </reporter-output>
        </test-method> <!-- verifyResponseObjects -->
        <test-method status="PASS" signature="verifyResponseObjects(java.lang.String, java.lang.String)[pri:0, instance:TestCases.apiTest@53b32d7]" name="verifyResponseObjects" duration-ms="1451" started-at="2018-08-16T12:56:58Z" data-provider="Api Object verification" finished-at="2018-08-16T12:56:59Z">
          <params>
            <param index="0">
              <value>
                <![CDATA[ninthObj]]>
              </value>
            </param>
            <param index="1">
              <value>
                <![CDATA[offset]]>
              </value>
            </param>
          </params>
          <reporter-output>
          </reporter-output>
        </test-method> <!-- verifyResponseObjects -->
      </class> <!-- TestCases.apiTest -->
    </test> <!-- Default test -->
  </suite> <!-- Default suite -->
</testng-results>
