<?xml version="1.0" encoding="UTF-8"?>
<testng-results skipped="0" failed="0" total="12" passed="12">
  <reporter-output>
  </reporter-output>
  <suite name="Default suite" duration-ms="45230" started-at="2018-08-15T18:48:56Z" finished-at="2018-08-15T18:49:41Z">
    <groups>
    </groups>
    <test name="Default test" duration-ms="45230" started-at="2018-08-15T18:48:56Z" finished-at="2018-08-15T18:49:41Z">
      <class name="TestCases.apiTest">
        <test-method status="PASS" signature="verifyResponseObjectDataCount(java.lang.String, java.lang.String)[pri:0, instance:TestCases.apiTest@53b32d7]" name="verifyResponseObjectDataCount" duration-ms="5572" started-at="2018-08-16T00:18:56Z" data-provider="Api data count" finished-at="2018-08-16T00:19:02Z">
          <params>
            <param index="0">
              <value>
                <![CDATA[minutely]]>
              </value>
            </param>
            <param index="1">
              <value>
                <![CDATA[61]]>
              </value>
            </param>
          </params>
          <reporter-output>
          </reporter-output>
        </test-method> <!-- verifyResponseObjectDataCount -->
        <test-method status="PASS" signature="verifyResponseObjectDataCount(java.lang.String, java.lang.String)[pri:0, instance:TestCases.apiTest@53b32d7]" name="verifyResponseObjectDataCount" duration-ms="3516" started-at="2018-08-16T00:19:02Z" data-provider="Api data count" finished-at="2018-08-16T00:19:05Z">
          <params>
            <param index="0">
              <value>
                <![CDATA[hourly]]>
              </value>
            </param>
            <param index="1">
              <value>
                <![CDATA[49]]>
              </value>
            </param>
          </params>
          <reporter-output>
          </reporter-output>
        </test-method> <!-- verifyResponseObjectDataCount -->
        <test-method status="PASS" signature="verifyResponseObjectDataCount(java.lang.String, java.lang.String)[pri:0, instance:TestCases.apiTest@53b32d7]" name="verifyResponseObjectDataCount" duration-ms="3980" started-at="2018-08-16T00:19:05Z" data-provider="Api data count" finished-at="2018-08-16T00:19:09Z">
          <params>
            <param index="0">
              <value>
                <![CDATA[daily]]>
              </value>
            </param>
            <param index="1">
              <value>
                <![CDATA[8]]>
              </value>
            </param>
          </params>
          <reporter-output>
          </reporter-output>
        </test-method> <!-- verifyResponseObjectDataCount -->
        <test-method status="PASS" signature="verifyResponseObjects(java.lang.String, java.lang.String)[pri:0, instance:TestCases.apiTest@53b32d7]" name="verifyResponseObjects" duration-ms="3463" started-at="2018-08-16T00:19:09Z" data-provider="Api Object verification" finished-at="2018-08-16T00:19:13Z">
          <params>
            <param index="0">
              <value>
                <![CDATA[firstObj]]>
              </value>
            </param>
            <param index="1">
              <value>
                <![CDATA[latitude]]>
              </value>
            </param>
          </params>
          <reporter-output>
          </reporter-output>
        </test-method> <!-- verifyResponseObjects -->
        <test-method status="PASS" signature="verifyResponseObjects(java.lang.String, java.lang.String)[pri:0, instance:TestCases.apiTest@53b32d7]" name="verifyResponseObjects" duration-ms="3614" started-at="2018-08-16T00:19:13Z" data-provider="Api Object verification" finished-at="2018-08-16T00:19:16Z">
          <params>
            <param index="0">
              <value>
                <![CDATA[SecondObj]]>
              </value>
            </param>
            <param index="1">
              <value>
                <![CDATA[longitude]]>
              </value>
            </param>
          </params>
          <reporter-output>
          </reporter-output>
        </test-method> <!-- verifyResponseObjects -->
        <test-method status="PASS" signature="verifyResponseObjects(java.lang.String, java.lang.String)[pri:0, instance:TestCases.apiTest@53b32d7]" name="verifyResponseObjects" duration-ms="3751" started-at="2018-08-16T00:19:16Z" data-provider="Api Object verification" finished-at="2018-08-16T00:19:20Z">
          <params>
            <param index="0">
              <value>
                <![CDATA[ThirdObj]]>
              </value>
            </param>
            <param index="1">
              <value>
                <![CDATA[timezone]]>
              </value>
            </param>
          </params>
          <reporter-output>
          </reporter-output>
        </test-method> <!-- verifyResponseObjects -->
        <test-method status="PASS" signature="verifyResponseObjects(java.lang.String, java.lang.String)[pri:0, instance:TestCases.apiTest@53b32d7]" name="verifyResponseObjects" duration-ms="3477" started-at="2018-08-16T00:19:20Z" data-provider="Api Object verification" finished-at="2018-08-16T00:19:23Z">
          <params>
            <param index="0">
              <value>
                <![CDATA[FourthObj]]>
              </value>
            </param>
            <param index="1">
              <value>
                <![CDATA[currently]]>
              </value>
            </param>
          </params>
          <reporter-output>
          </reporter-output>
        </test-method> <!-- verifyResponseObjects -->
        <test-method status="PASS" signature="verifyResponseObjects(java.lang.String, java.lang.String)[pri:0, instance:TestCases.apiTest@53b32d7]" name="verifyResponseObjects" duration-ms="3682" started-at="2018-08-16T00:19:23Z" data-provider="Api Object verification" finished-at="2018-08-16T00:19:27Z">
          <params>
            <param index="0">
              <value>
                <![CDATA[fifthObj]]>
              </value>
            </param>
            <param index="1">
              <value>
                <![CDATA[minutely]]>
              </value>
            </param>
          </params>
          <reporter-output>
          </reporter-output>
        </test-method> <!-- verifyResponseObjects -->
        <test-method status="PASS" signature="verifyResponseObjects(java.lang.String, java.lang.String)[pri:0, instance:TestCases.apiTest@53b32d7]" name="verifyResponseObjects" duration-ms="3315" started-at="2018-08-16T00:19:27Z" data-provider="Api Object verification" finished-at="2018-08-16T00:19:30Z">
          <params>
            <param index="0">
              <value>
                <![CDATA[sixthObj]]>
              </value>
            </param>
            <param index="1">
              <value>
                <![CDATA[hourly]]>
              </value>
            </param>
          </params>
          <reporter-output>
          </reporter-output>
        </test-method> <!-- verifyResponseObjects -->
        <test-method status="PASS" signature="verifyResponseObjects(java.lang.String, java.lang.String)[pri:0, instance:TestCases.apiTest@53b32d7]" name="verifyResponseObjects" duration-ms="3437" started-at="2018-08-16T00:19:30Z" data-provider="Api Object verification" finished-at="2018-08-16T00:19:34Z">
          <params>
            <param index="0">
              <value>
                <![CDATA[seventhObj]]>
              </value>
            </param>
            <param index="1">
              <value>
                <![CDATA[daily]]>
              </value>
            </param>
          </params>
          <reporter-output>
          </reporter-output>
        </test-method> <!-- verifyResponseObjects -->
        <test-method status="PASS" signature="verifyResponseObjects(java.lang.String, java.lang.String)[pri:0, instance:TestCases.apiTest@53b32d7]" name="verifyResponseObjects" duration-ms="3482" started-at="2018-08-16T00:19:34Z" data-provider="Api Object verification" finished-at="2018-08-16T00:19:37Z">
          <params>
            <param index="0">
              <value>
                <![CDATA[eightObj]]>
              </value>
            </param>
            <param index="1">
              <value>
                <![CDATA[flags]]>
              </value>
            </param>
          </params>
          <reporter-output>
          </reporter-output>
        </test-method> <!-- verifyResponseObjects -->
        <test-method status="PASS" signature="verifyResponseObjects(java.lang.String, java.lang.String)[pri:0, instance:TestCases.apiTest@53b32d7]" name="verifyResponseObjects" duration-ms="3890" started-at="2018-08-16T00:19:37Z" data-provider="Api Object verification" finished-at="2018-08-16T00:19:41Z">
          <params>
            <param index="0">
              <value>
                <![CDATA[ninthObj]]>
              </value>
            </param>
            <param index="1">
              <value>
                <![CDATA[offset]]>
              </value>
            </param>
          </params>
          <reporter-output>
          </reporter-output>
        </test-method> <!-- verifyResponseObjects -->
      </class> <!-- TestCases.apiTest -->
    </test> <!-- Default test -->
  </suite> <!-- Default suite -->
</testng-results>
