<?xml version="1.0" encoding="UTF-8"?>
<!-- Generated by org.testng.reporters.JUnitXMLReporter -->
<testsuite hostname="DESKTOP-37NF2FV" name="apiTest" tests="3" failures="3" timestamp="15 Aug 2018 16:20:32 GMT" time="7.462" errors="0">
  <testcase name="verifyResponseObjectDataCount" time="3.689" classname="TestCases.apiTest">
    <failure type="org.json.JSONException" message="JSONObject[&amp;quot;minutely&amp;quot;] not found.">
      <![CDATA[org.json.JSONException: JSONObject["minutely"] not found.
	at org.json.JSONObject.get(JSONObject.java:520)
	at PageObjects.api.check(api.java:52)
	at PageObjects.api.check(api.java:65)
	at PageObjects.api.verifyJsonObjectDataCount(api.java:83)
	at TestCases.apiTest.verifyResponseObjectDataCount(apiTest.java:64)
... Removed 24 stack frames]]>
    </failure>
  </testcase> <!-- verifyResponseObjectDataCount -->
  <testcase name="verifyResponseObjectDataCount" time="1.922" classname="TestCases.apiTest">
    <failure type="org.json.JSONException" message="JSONObject[&amp;quot;hourly&amp;quot;] not found.">
      <![CDATA[org.json.JSONException: JSONObject["hourly"] not found.
	at org.json.JSONObject.get(JSONObject.java:520)
	at PageObjects.api.check(api.java:52)
	at PageObjects.api.check(api.java:65)
	at PageObjects.api.verifyJsonObjectDataCount(api.java:83)
	at TestCases.apiTest.verifyResponseObjectDataCount(apiTest.java:64)
... Removed 24 stack frames]]>
    </failure>
  </testcase> <!-- verifyResponseObjectDataCount -->
  <testcase name="verifyResponseObjectDataCount" time="1.81" classname="TestCases.apiTest">
    <failure type="org.json.JSONException" message="JSONObject[&amp;quot;daily&amp;quot;] not found.">
      <![CDATA[org.json.JSONException: JSONObject["daily"] not found.
	at org.json.JSONObject.get(JSONObject.java:520)
	at PageObjects.api.check(api.java:52)
	at PageObjects.api.check(api.java:65)
	at PageObjects.api.verifyJsonObjectDataCount(api.java:83)
	at TestCases.apiTest.verifyResponseObjectDataCount(apiTest.java:64)
... Removed 24 stack frames]]>
    </failure>
  </testcase> <!-- verifyResponseObjectDataCount -->
</testsuite> <!-- apiTest -->
