<?xml version="1.0" encoding="UTF-8"?>
<!-- Generated by org.testng.reporters.JUnitXMLReporter -->
<testsuite hostname="DESKTOP-37NF2FV" name="FlightSearch" tests="1" failures="1" timestamp="15 Aug 2018 04:00:27 GMT" time="0.034" errors="0">
  <testcase name="@AfterMethod afterEachTestMethod" time="0.0" classname="TestCases.SearchResultTests">
    <failure type="java.lang.NullPointerException">
      <![CDATA[java.lang.NullPointerException
	at Utility.Base.afterEachTestMethod(Base.java:119)
... Removed 26 stack frames]]>
    </failure>
  </testcase> <!-- @AfterMethod afterEachTestMethod -->
  <testcase name="VerifyCheapestPriceDisplayedOrNot" time="0.007" classname="TestCases.SearchResultTests">
    <failure type="java.lang.NullPointerException">
      <![CDATA[java.lang.NullPointerException
	at java.io.FileInputStream.<init>(Unknown Source)
	at java.io.FileInputStream.<init>(Unknown Source)
	at java.io.FileReader.<init>(Unknown Source)
	at Utility.util.getTestData(util.java:147)
	at TestCases.SearchResultTests.VerifyCheapestPriceDisplayedOrNot(SearchResultTests.java:16)
... Removed 24 stack frames]]>
    </failure>
  </testcase> <!-- VerifyCheapestPriceDisplayedOrNot -->
</testsuite> <!-- FlightSearch -->
