<?xml version="1.0" encoding="UTF-8"?>
<!-- Generated by org.testng.reporters.JUnitXMLReporter -->
<testsuite hostname="DESKTOP-37NF2FV" name="Default test" tests="9" failures="0" timestamp="16 Aug 2018 07:26:59 GMT" time="16.76" errors="0">
  <testcase name="verifyResponseObjects" time="3.551" classname="TestCases.apiTest"/>
  <testcase name="verifyResponseObjects" time="1.396" classname="TestCases.apiTest"/>
  <testcase name="verifyResponseObjects" time="2.04" classname="TestCases.apiTest"/>
  <testcase name="verifyResponseObjects" time="2.285" classname="TestCases.apiTest"/>
  <testcase name="verifyResponseObjects" time="1.402" classname="TestCases.apiTest"/>
  <testcase name="verifyResponseObjects" time="1.975" classname="TestCases.apiTest"/>
  <testcase name="verifyResponseObjects" time="1.345" classname="TestCases.apiTest"/>
  <testcase name="verifyResponseObjects" time="1.248" classname="TestCases.apiTest"/>
  <testcase name="verifyResponseObjects" time="1.451" classname="TestCases.apiTest"/>
</testsuite> <!-- Default test -->
