<?xml version="1.0" encoding="UTF-8"?>
<!-- Generated by org.testng.reporters.JUnitXMLReporter -->
<testsuite hostname="DESKTOP-37NF2FV" name="Default test" tests="12" failures="0" timestamp="15 Aug 2018 18:49:41 GMT" time="45.23" errors="0">
  <testcase name="verifyResponseObjectDataCount" time="5.572" classname="TestCases.apiTest"/>
  <testcase name="verifyResponseObjectDataCount" time="3.516" classname="TestCases.apiTest"/>
  <testcase name="verifyResponseObjectDataCount" time="3.98" classname="TestCases.apiTest"/>
  <testcase name="verifyResponseObjects" time="3.463" classname="TestCases.apiTest"/>
  <testcase name="verifyResponseObjects" time="3.614" classname="TestCases.apiTest"/>
  <testcase name="verifyResponseObjects" time="3.751" classname="TestCases.apiTest"/>
  <testcase name="verifyResponseObjects" time="3.477" classname="TestCases.apiTest"/>
  <testcase name="verifyResponseObjects" time="3.682" classname="TestCases.apiTest"/>
  <testcase name="verifyResponseObjects" time="3.315" classname="TestCases.apiTest"/>
  <testcase name="verifyResponseObjects" time="3.437" classname="TestCases.apiTest"/>
  <testcase name="verifyResponseObjects" time="3.482" classname="TestCases.apiTest"/>
  <testcase name="verifyResponseObjects" time="3.89" classname="TestCases.apiTest"/>
</testsuite> <!-- Default test -->
